2016-08-25 21:17:17, INFO, "Initalising Audio Devices...."
2016-08-25 21:17:17, INFO, "Loading Task List..."
2016-08-25 21:17:17, WARN, "FileSystem: Searchable directoyr created that dosn't exist!"
2016-08-25 21:17:17, WARN, "FileSystem: Searchable directoyr created that dosn't exist!"
2016-08-25 21:17:17, INFO, "Core Modules Loaded"
2016-08-25 21:17:17, INFO, "JARVIS initalising..."
2016-08-25 21:17:17, INFO, "Loading Modules"
2016-08-25 21:25:32, INFO, "Initalising Audio Devices...."
2016-08-25 21:25:32, INFO, "Loading Task List..."
2016-08-25 21:25:32, WARN, "FileSystem: Searchable directoyr created that dosn't exist!"
2016-08-25 21:25:32, WARN, "FileSystem: Searchable directoyr created that dosn't exist!"
2016-08-25 21:25:32, INFO, "Core Modules Loaded"
2016-08-25 21:25:32, INFO, "JARVIS initalising..."
2016-08-25 21:25:32, INFO, "Loading Modules"
2016-08-25 21:25:32, ERR, "Plugin Directory dosnt exist!!"
2016-08-25 21:25:32, INFO, "Modules Loaded"
2016-08-25 21:25:32, INFO, "Starting Task List..."
2016-08-25 21:25:40, INFO, "Shutting down"
2016-08-25 21:25:40, INFO, "Stopping Task List..."
2016-08-25 21:30:32, INFO, "Initalising Audio Devices...."
2016-08-25 21:30:32, INFO, "Loading Task List..."
2016-08-25 21:30:32, WARN, "FileSystem: Searchable directoyr created that dosn't exist!"
2016-08-25 21:30:32, WARN, "FileSystem: Searchable directoyr created that dosn't exist!"
2016-08-25 21:30:32, INFO, "Core Modules Loaded"
2016-08-25 21:30:32, INFO, "JARVIS initalising..."
2016-08-25 21:30:32, INFO, "Loading Modules"
2016-08-25 21:30:32, INFO, "Modules Loaded"
2016-08-25 21:30:32, INFO, "Starting Task List..."
2016-08-25 21:30:45, INFO, "Shutting down"
2016-08-25 21:30:45, INFO, "Stopping Task List..."
2016-08-25 21:35:15, INFO, "Initalising Audio Devices...."
2016-08-25 21:35:15, INFO, "Loading Task List..."
2016-08-25 21:35:15, WARN, "FileSystem: Searchable directoyr created that dosn't exist!"
2016-08-25 21:35:15, WARN, "FileSystem: Searchable directoyr created that dosn't exist!"
2016-08-25 21:35:15, INFO, "Core Modules Loaded"
2016-08-25 21:35:15, INFO, "JARVIS initalising..."
2016-08-25 21:35:15, INFO, "Loading Modules"
2016-08-25 21:35:15, INFO, "Loading plugin: libTasker.so"
2016-08-25 21:35:15, INFO, "Modules Loaded"
2016-08-25 21:35:15, INFO, "Starting Task List..."
2016-08-25 21:35:47, INFO, "Shutting down"
2016-08-25 21:35:47, INFO, "Stopping Task List..."
2016-08-27 17:13:32, INFO, "Initalising Audio Devices...."
2016-08-27 17:13:32, INFO, "Loading Task List..."
2016-08-27 17:13:32, WARN, "FileSystem: Searchable directoyr created that dosn't exist!"
2016-08-27 17:13:32, WARN, "FileSystem: Searchable directoyr created that dosn't exist!"
2016-08-27 17:13:32, INFO, "Core Modules Loaded"
2016-08-27 17:13:32, INFO, "JARVIS initalising..."
2016-08-27 17:13:32, INFO, "Loading Modules"
2016-08-27 17:13:32, INFO, "Loading plugin: libTasker.so"
2016-08-27 17:13:32, INFO, "Modules Loaded"
2016-08-27 17:13:32, INFO, "Starting Task List..."
2016-08-27 17:13:43, INFO, "Plugin Poll Message Receved"
2016-08-27 17:13:43, INFO, "TCP Trancever sending 1 message chunks"
2016-08-27 17:13:48, INFO, "Plugin Page Message Receved"
2016-08-27 17:13:48, INFO, "TCP Trancever sending 1 message chunks"
2016-08-27 17:14:01, INFO, "Plugin Interaction Message Receved"
2016-08-27 17:14:01, INFO, "TCP Trancever sending 1 message chunks"
2016-08-27 17:14:01, INFO, "Starting Taskecho test"
2016-08-27 17:14:01, INFO, "Task Finishedecho test"
2016-08-28 19:36:49, INFO, "Initalising Audio Devices...."
2016-08-28 19:36:49, INFO, "Loading Task List..."
2016-08-28 19:36:49, WARN, "FileSystem: Searchable directory created that dosn't exist! : workingFileLoc"
2016-08-28 19:36:49, WARN, "FileSystem: Searchable directory created that dosn't exist! : <route to pub url>jarvisTemp"
2016-08-28 19:36:49, INFO, "Core Modules Loaded"
2016-08-28 19:36:49, INFO, "JARVIS initalising..."
2016-08-28 19:36:49, INFO, "Loading Modules"
2016-08-28 19:36:49, INFO, "Loading plugin: libTasker.so"
2016-08-28 19:36:49, INFO, "Modules Loaded"
2016-08-28 19:36:49, INFO, "Starting Task List..."
2016-08-28 19:36:59, INFO, "Shutting down"
2016-08-28 19:36:59, INFO, "Stopping Task List..."
2016-08-28 19:49:22, INFO, "Initalising Audio Devices...."
2016-08-28 19:49:22, INFO, "Loading Task List..."
2016-08-28 19:49:22, INFO, "Core Modules Loaded"
2016-08-28 19:49:22, INFO, "JARVIS initalising..."
2016-08-28 19:49:22, INFO, "Loading Modules"
2016-08-28 19:49:22, INFO, "Loading plugin: libTasker.so"
2016-08-28 19:49:22, INFO, "Modules Loaded"
2016-08-28 19:49:22, INFO, "Starting Task List..."
2016-08-28 19:49:31, INFO, "Plugin Poll Message Receved"
2016-08-28 19:49:31, INFO, "TCP Trancever sending 1 message chunks"
2016-08-28 19:49:35, INFO, "Plugin Page Message Receved"
2016-08-28 19:49:35, INFO, "TCP Trancever sending 1 message chunks"
2016-08-28 19:49:55, INFO, "Plugin Page Message Receved"
2016-08-28 19:49:55, INFO, "TCP Trancever sending 1 message chunks"
2016-08-28 19:50:37, INFO, "Plugin Page Message Receved"
2016-08-28 19:50:37, INFO, "TCP Trancever sending 1 message chunks"
2016-08-28 19:55:17, INFO, "Shutting down"
2016-08-28 19:55:17, INFO, "Stopping Task List..."
2016-08-31 20:16:03, INFO, "Initalising Audio Devices...."
2016-08-31 20:16:03, INFO, "Loading Task List..."
2016-08-31 20:16:03, INFO, "Core Modules Loaded"
2016-08-31 20:16:03, INFO, "JARVIS initalising..."
2016-08-31 20:16:03, INFO, "Loading Modules"
2016-08-31 20:16:03, INFO, "Loading plugin: libTasker.so"
2016-08-31 20:16:03, INFO, "Modules Loaded"
2016-08-31 20:16:03, INFO, "Starting Task List..."
2016-08-31 20:16:28, INFO, "Plugin Poll Message Receved"
2016-08-31 20:16:28, INFO, "TCP Trancever sending 1 message chunks"
2016-08-31 20:16:33, INFO, "Plugin Page Message Receved"
2016-08-31 20:16:33, INFO, "TCP Trancever sending 1 message chunks"
2016-08-31 20:16:45, INFO, "Shutting down"
2016-08-31 20:16:45, INFO, "Stopping Task List..."
